<?xml version="1.0" encoding="UTF-8"?>
<!-- Generated by org.testng.reporters.JUnitReportReporter -->
<testsuite hostname="DESKTOP-1QL8QRP" name="Com.CrossoverTech.BusinessScripts.CrossoverTechEditPostTestcases" tests="1" failures="0" timestamp="1 Sep 2017 09:51:45 GMT" time="21.492" errors="0">
  <testcase name="EditPostscriptExecution" time="21.492" classname="Com.CrossoverTech.BusinessScripts.CrossoverTechEditPostTestcases"/>
</testsuite> <!-- Com.CrossoverTech.BusinessScripts.CrossoverTechEditPostTestcases -->
