<?xml version="1.0" encoding="UTF-8"?>
<!-- Generated by org.testng.reporters.JUnitReportReporter -->
<testsuite hostname="DESKTOP-1QL8QRP" name="Com.CrossoverTech.BusinessScripts.CrossoverTechDeleteTestcases" tests="1" failures="0" timestamp="31 Aug 2017 12:07:58 GMT" time="14.790" errors="0">
  <testcase name="DeletePostscriptExecution" time="14.790" classname="Com.CrossoverTech.BusinessScripts.CrossoverTechDeleteTestcases"/>
</testsuite> <!-- Com.CrossoverTech.BusinessScripts.CrossoverTechDeleteTestcases -->
