<?xml version="1.0" encoding="UTF-8"?>
<!-- Generated by org.testng.reporters.JUnitReportReporter -->
<testsuite hostname="DESKTOP-1QL8QRP" name="Com.CrossoverTech.BusinessScripts.CrossoverTechDeleteTestcases" tests="1" failures="0" timestamp="1 Sep 2017 11:22:13 GMT" time="14.815" errors="0">
  <testcase name="DeletePostscriptExecution" time="14.815" classname="Com.CrossoverTech.BusinessScripts.CrossoverTechDeleteTestcases"/>
</testsuite> <!-- Com.CrossoverTech.BusinessScripts.CrossoverTechDeleteTestcases -->
