<?xml version="1.0" encoding="UTF-8"?>
<!-- Generated by org.testng.reporters.JUnitReportReporter -->
<testsuite skipped="0" hostname="DESKTOP-1QL8QRP" name="Com.CrossoverTech.BusinessScripts.CrossoverTechDeleteTestcases" tests="1" failures="0" timestamp="01 Sep 2017 13:40:30 GMT" time="14.772" errors="0">
  <testcase name="DeletePostscriptExecution" time="14.772" classname="Com.CrossoverTech.BusinessScripts.CrossoverTechDeleteTestcases"/>
</testsuite> <!-- Com.CrossoverTech.BusinessScripts.CrossoverTechDeleteTestcases -->
