<?xml version="1.0" encoding="UTF-8"?>
<!-- Generated by org.testng.reporters.JUnitReportReporter -->
<testsuite skipped="0" hostname="DESKTOP-1QL8QRP" name="Com.CrossoverTech.BusinessScripts.CrossoverTechCreateNewPostTestcases" tests="1" failures="0" timestamp="01 Sep 2017 12:05:58 GMT" time="18.172" errors="0">
  <testcase name="CreateNewPostscriptExecution" time="18.172" classname="Com.CrossoverTech.BusinessScripts.CrossoverTechCreateNewPostTestcases"/>
</testsuite> <!-- Com.CrossoverTech.BusinessScripts.CrossoverTechCreateNewPostTestcases -->
