<?xml version="1.0" encoding="UTF-8"?>
<!-- Generated by org.testng.reporters.JUnitReportReporter -->
<testsuite skipped="1" hostname="DESKTOP-1QL8QRP" name="Com.CrossoverTech.BusinessScripts.CrossoverTechDeleteTestcases" tests="1" failures="0" timestamp="01 Sep 2017 11:29:39 GMT" time="0.000" errors="0">
  <testcase name="DeletePostscriptExecution" time="0.000" classname="Com.CrossoverTech.BusinessScripts.CrossoverTechDeleteTestcases">
    <skipped/>
  </testcase> <!-- DeletePostscriptExecution -->
</testsuite> <!-- Com.CrossoverTech.BusinessScripts.CrossoverTechDeleteTestcases -->
